<?xml version="1.0" encoding="UTF-8"?>
<testsuite xmlns:xsi="http://www.w3.org/2001/XMLSchema-instance" xsi:noNamespaceSchemaLocation="https://maven.apache.org/surefire/maven-surefire-plugin/xsd/surefire-test-report.xsd" name="com.epam.rd.autotasks.sequence.FindMaxInSeqTests" time="0.1" tests="10" errors="0" skipped="0" failures="0">
  <properties>
[...]
</properties>
  <testcase name="testNegativeDuplicatedMaximum" classname="com.epam.rd.autotasks.sequence.FindMaxInSeqTests" time="0.054"/>
  <testcase name="testPolydigitNumbers" classname="com.epam.rd.autotasks.sequence.FindMaxInSeqTests" time="0"/>
  <testcase name="testSeq11" classname="com.epam.rd.autotasks.sequence.FindMaxInSeqTests" time="0"/>
  <testcase name="testSeq12" classname="com.epam.rd.autotasks.sequence.FindMaxInSeqTests" time="0.015"/>
  <testcase name="oneNumberSequence1" classname="com.epam.rd.autotasks.sequence.FindMaxInSeqTests" time="0"/>
  <testcase name="oneNumberSequence2" classname="com.epam.rd.autotasks.sequence.FindMaxInSeqTests" time="0"/>
  <testcase name="testHavingIntegerMaxValue" classname="com.epam.rd.autotasks.sequence.FindMaxInSeqTests" time="0"/>
  <testcase name="testNegativeMaximum" classname="com.epam.rd.autotasks.sequence.FindMaxInSeqTests" time="0"/>
  <testcase name="testNegativeValues" classname="com.epam.rd.autotasks.sequence.FindMaxInSeqTests" time="0"/>
  <testcase name="testDuplicatedMaximum" classname="com.epam.rd.autotasks.sequence.FindMaxInSeqTests" time="0.016"/>
</testsuite>