<?xml version="1.0" encoding="UTF-8"?>
<testsuite xmlns:xsi="http://www.w3.org/2001/XMLSchema-instance" xsi:noNamespaceSchemaLocation="https://maven.apache.org/surefire/maven-surefire-plugin/xsd/surefire-test-report.xsd" name="com.epam.rd.autotasks.meetastranger.MeetAStrangerTest" time="0.138" tests="3" errors="0" skipped="0" failures="0">
  <properties>
[...]
</properties>
  <testcase name="correctOutput{String, String}[1]" classname="com.epam.rd.autotasks.meetastranger.MeetAStrangerTest" time="0.069"/>
  <testcase name="correctOutput{String, String}[2]" classname="com.epam.rd.autotasks.meetastranger.MeetAStrangerTest" time="0"/>
  <testcase name="correctOutput{String, String}[3]" classname="com.epam.rd.autotasks.meetastranger.MeetAStrangerTest" time="0"/>
</testsuite>